  1:  1        LET    1
  3:  2       TYPE    2
  3:  7         ID    7 any
  3: 11         EQ   11
  3: 13     LBRACE   13
  3: 14         ID   14 any
  3: 18      COLON   18
  3: 20         ID   20 int
  3: 23     RBRACE   23
  4:  2        VAR    2
  4:  6         ID    6 buffer
  4: 13     ASSIGN   13
  4: 16         ID   16 getchar
  4: 23     LPAREN   23
  4: 24     RPAREN   24
  6:  1   FUNCTION    1
  6: 10         ID   10 readint
  6: 17     LPAREN   17
  6: 18         ID   18 any
  6: 21      COLON   21
  6: 23         ID   23 any
  6: 26     RPAREN   26
  6: 28      COLON   28
  6: 30         ID   30 int
  6: 34         EQ   34
  7:  2        LET    2
  7:  6        VAR    6
  7: 10         ID   10 i
  7: 12     ASSIGN   12
  7: 15        INT   15 0
  8:  6   FUNCTION    6
  8: 15         ID   15 isdigit
  8: 22     LPAREN   22
  8: 23         ID   23 s
  8: 25      COLON   25
  8: 27         ID   27 string
  8: 33     RPAREN   33
  8: 35      COLON   35
  8: 37         ID   37 int
  8: 41         EQ   41
  9:  5         ID    5 ord
  9:  8     LPAREN    8
  9:  9         ID    9 buffer
  9: 15     RPAREN   15
  9: 16         GT   16
  9: 17         EQ   17
  9: 18         ID   18 ord
  9: 21     LPAREN   21
  9: 24     STRING   24 0
  9: 25     RPAREN   25
  9: 27        AND   27
  9: 29         ID   29 ord
  9: 32     LPAREN   32
  9: 33         ID   33 buffer
  9: 39     RPAREN   39
  9: 40         LT   40
  9: 41         EQ   41
  9: 42         ID   42 ord
  9: 45     LPAREN   45
  9: 48     STRING   48 9
  9: 49     RPAREN   49
 10:  6   FUNCTION    6
 10: 15         ID   15 skipto
 10: 21     LPAREN   21
 10: 22     RPAREN   22
 10: 24         EQ   24
 11:  8      WHILE    8
 11: 14         ID   14 buffer
 11: 20         EQ   20
 11: 23     STRING   23
 11: 25         OR   25
 11: 27         ID   27 buffer
 11: 33         EQ   33
 11: 37     STRING   37

 12: 10         DO   10
 12: 13         ID   13 buffer
 12: 20     ASSIGN   20
 12: 23         ID   23 getchar
 12: 30     LPAREN   30
 12: 31     RPAREN   31
 13:  3         IN    3
 13:  6         ID    6 skipto
 13: 12     LPAREN   12
 13: 13     RPAREN   13
 13: 14  SEMICOLON   14
 14:  6         ID    6 any
 14:  9        DOT    9
 14: 10         ID   10 any
 14: 14     ASSIGN   14
 14: 17         ID   17 isdigit
 14: 24     LPAREN   24
 14: 25         ID   25 buffer
 14: 31     RPAREN   31
 14: 32  SEMICOLON   32
 15:  6      WHILE    6
 15: 12         ID   12 isdigit
 15: 19     LPAREN   19
 15: 20         ID   20 buffer
 15: 26     RPAREN   26
 16:  8         DO    8
 16: 11     LPAREN   11
 16: 12         ID   12 i
 16: 14     ASSIGN   14
 16: 17         ID   17 i
 16: 18      TIMES   18
 16: 19        INT   19 10
 16: 21       PLUS   21
 16: 22         ID   22 ord
 16: 25     LPAREN   25
 16: 26         ID   26 buffer
 16: 32     RPAREN   32
 16: 33      MINUS   33
 16: 34         ID   34 ord
 16: 37     LPAREN   37
 16: 40     STRING   40 0
 16: 41     RPAREN   41
 16: 42  SEMICOLON   42
 16: 44         ID   44 buffer
 16: 51     ASSIGN   51
 16: 54         ID   54 getchar
 16: 61     LPAREN   61
 16: 62     RPAREN   62
 16: 63     RPAREN   63
 16: 64  SEMICOLON   64
 17:  6         ID    6 i
 18:  2        END    2
 20:  2       TYPE    2
 20:  7         ID    7 list
 20: 12         EQ   12
 20: 14     LBRACE   14
 20: 15         ID   15 first
 20: 20      COLON   20
 20: 22         ID   22 int
 20: 25      COMMA   25
 20: 27         ID   27 rest
 20: 31      COLON   31
 20: 33         ID   33 list
 20: 37     RBRACE   37
 22:  2   FUNCTION    2
 22: 11         ID   11 readlist
 22: 19     LPAREN   19
 22: 20     RPAREN   20
 22: 22      COLON   22
 22: 24         ID   24 list
 22: 29         EQ   29
 23:  5        LET    5
 23:  9        VAR    9
 23: 13         ID   13 any
 23: 17     ASSIGN   17
 23: 20         ID   20 any
 23: 23     LBRACE   23
 23: 24         ID   24 any
 23: 27         EQ   27
 23: 28        INT   28 0
 23: 29     RBRACE   29
 24:  9        VAR    9
 24: 13         ID   13 i
 24: 15     ASSIGN   15
 24: 18         ID   18 readint
 24: 25     LPAREN   25
 24: 26         ID   26 any
 24: 29     RPAREN   29
 25:  6         IN    6
 25:  9         IF    9
 25: 12         ID   12 any
 25: 15        DOT   15
 25: 16         ID   16 any
 26: 10       THEN   10
 26: 15         ID   15 list
 26: 19     LBRACE   19
 26: 20         ID   20 first
 26: 25         EQ   25
 26: 26         ID   26 i
 26: 27      COMMA   27
 26: 28         ID   28 rest
 26: 32         EQ   32
 26: 33         ID   33 readlist
 26: 41     LPAREN   41
 26: 42     RPAREN   42
 26: 43     RBRACE   43
 27: 10       ELSE   10
 27: 15        NIL   15
 28:  5        END    5
 30:  2   FUNCTION    2
 30: 11         ID   11 merge
 30: 16     LPAREN   16
 30: 17         ID   17 a
 30: 18      COLON   18
 30: 20         ID   20 list
 30: 24      COMMA   24
 30: 26         ID   26 b
 30: 27      COLON   27
 30: 29         ID   29 list
 30: 33     RPAREN   33
 30: 35      COLON   35
 30: 37         ID   37 list
 30: 42         EQ   42
 31:  4         IF    4
 31:  7         ID    7 a
 31:  8         EQ    8
 31:  9        NIL    9
 31: 13       THEN   13
 31: 18         ID   18 b
 32:  4       ELSE    4
 32:  9         IF    9
 32: 12         ID   12 b
 32: 13         EQ   13
 32: 14        NIL   14
 32: 18       THEN   18
 32: 23         ID   23 a
 33:  4       ELSE    4
 33:  9         IF    9
 33: 12         ID   12 a
 33: 13        DOT   13
 33: 14         ID   14 first
 33: 20         LT   20
 33: 22         ID   22 b
 33: 23        DOT   23
 33: 24         ID   24 first
 34:  7       THEN    7
 34: 12         ID   12 list
 34: 16     LBRACE   16
 34: 17         ID   17 first
 34: 22         EQ   22
 34: 23         ID   23 a
 34: 24        DOT   24
 34: 25         ID   25 first
 34: 30      COMMA   30
 34: 31         ID   31 rest
 34: 35         EQ   35
 34: 36         ID   36 merge
 34: 41     LPAREN   41
 34: 42         ID   42 a
 34: 43        DOT   43
 34: 44         ID   44 rest
 34: 48      COMMA   48
 34: 49         ID   49 b
 34: 50     RPAREN   50
 34: 51     RBRACE   51
 35:  7       ELSE    7
 35: 12         ID   12 list
 35: 16     LBRACE   16
 35: 17         ID   17 first
 35: 22         EQ   22
 35: 23         ID   23 b
 35: 24        DOT   24
 35: 25         ID   25 first
 35: 30      COMMA   30
 35: 31         ID   31 rest
 35: 35         EQ   35
 35: 36         ID   36 merge
 35: 41     LPAREN   41
 35: 42         ID   42 a
 35: 43      COMMA   43
 35: 44         ID   44 b
 35: 45        DOT   45
 35: 46         ID   46 rest
 35: 50     RPAREN   50
 35: 51     RBRACE   51
 37:  2   FUNCTION    2
 37: 11         ID   11 printint
 37: 19     LPAREN   19
 37: 20         ID   20 i
 37: 21      COLON   21
 37: 23         ID   23 int
 37: 26     RPAREN   26
 37: 28         EQ   28
 38:  3        LET    3
 38:  7   FUNCTION    7
 38: 16         ID   16 f
 38: 17     LPAREN   17
 38: 18         ID   18 i
 38: 19      COLON   19
 38: 20         ID   20 int
 38: 23     RPAREN   23
 38: 25         EQ   25
 38: 27         IF   27
 38: 30         ID   30 i
 38: 31         GT   31
 38: 32        INT   32 0
 39:  7       THEN    7
 39: 12     LPAREN   12
 39: 13         ID   13 f
 39: 14     LPAREN   14
 39: 15         ID   15 i
 39: 16     DIVIDE   16
 39: 17        INT   17 10
 39: 19     RPAREN   19
 39: 20  SEMICOLON   20
 39: 22         ID   22 print
 39: 27     LPAREN   27
 39: 28         ID   28 chr
 39: 31     LPAREN   31
 39: 32         ID   32 i
 39: 33      MINUS   33
 39: 34         ID   34 i
 39: 35     DIVIDE   35
 39: 36        INT   36 10
 39: 38      TIMES   38
 39: 39        INT   39 10
 39: 41       PLUS   41
 39: 42         ID   42 ord
 39: 45     LPAREN   45
 39: 48     STRING   48 0
 39: 49     RPAREN   49
 39: 50     RPAREN   50
 39: 51     RPAREN   51
 39: 52     RPAREN   52
 40:  4         IN    4
 40:  7         IF    7
 40: 10         ID   10 i
 40: 11         LT   11
 40: 12        INT   12 0
 40: 14       THEN   14
 40: 19     LPAREN   19
 40: 20         ID   20 print
 40: 25     LPAREN   25
 40: 28     STRING   28 -
 40: 29     RPAREN   29
 40: 30  SEMICOLON   30
 40: 32         ID   32 f
 40: 33     LPAREN   33
 40: 34      MINUS   34
 40: 35         ID   35 i
 40: 36     RPAREN   36
 40: 37     RPAREN   37
 41:  7       ELSE    7
 41: 12         IF   12
 41: 15         ID   15 i
 41: 16         GT   16
 41: 17        INT   17 0
 41: 19       THEN   19
 41: 24         ID   24 f
 41: 25     LPAREN   25
 41: 26         ID   26 i
 41: 27     RPAREN   27
 42:  7       ELSE    7
 42: 12         ID   12 print
 42: 17     LPAREN   17
test.tig:42.21: illegal character in \f___f\ in escape string
test.tig:42.22: illegal character in \f___f\ in escape string
test.tig:42.23: illegal character in \f___f\ in escape string
test.tig:42.24: illegal character in \f___f\ in escape string
test.tig:42.25: illegal character in \f___f\ in escape string
 44:  4     STRING    4 0010203
 44:  5     RPAREN    5
 45:  3        END    3
 47:  2   FUNCTION    2
 47: 11         ID   11 printlist
 47: 20     LPAREN   20
 47: 21         ID   21 l
 47: 22      COLON   22
 47: 24         ID   24 list
 47: 28     RPAREN   28
 47: 30         EQ   30
 48:  4         IF    4
 48:  7         ID    7 l
 48:  8         EQ    8
 48:  9        NIL    9
 48: 13       THEN   13
 48: 18         ID   18 print
 48: 23     LPAREN   23
 48: 27     STRING   27

 48: 28     RPAREN   28
 49:  4       ELSE    4
 49:  9     LPAREN    9
 49: 10         ID   10 printint
 49: 18     LPAREN   18
 49: 19         ID   19 l
 49: 20        DOT   20
 49: 21         ID   21 first
 49: 26     RPAREN   26
 49: 27  SEMICOLON   27
 49: 29         ID   29 print
 49: 34     LPAREN   34
 49: 37     STRING   37
 49: 38     RPAREN   38
 49: 39  SEMICOLON   39
 49: 41         ID   41 printlist
 49: 50     LPAREN   50
 49: 51         ID   51 l
 49: 52        DOT   52
 49: 53         ID   53 rest
 49: 57     RPAREN   57
 49: 58     RPAREN   58
 51:  4        VAR    4
 51:  8         ID    8 list1
 51: 14     ASSIGN   14
 51: 17         ID   17 readlist
 51: 25     LPAREN   25
 51: 26     RPAREN   26
 52:  4        VAR    4
 52:  8         ID    8 list2
 52: 14     ASSIGN   14
 52: 17     LPAREN   17
 52: 18         ID   18 buffer
 52: 24     ASSIGN   24
 52: 26         ID   26 getchar
 52: 33     LPAREN   33
 52: 34     RPAREN   34
 52: 35  SEMICOLON   35
 52: 37         ID   37 readlist
 52: 45     LPAREN   45
 52: 46     RPAREN   46
 52: 47     RPAREN   47
 56:  2         IN    2
 56:  5         ID    5 printlist
 56: 14     LPAREN   14
 56: 15         ID   15 merge
 56: 20     LPAREN   20
 56: 21         ID   21 list1
 56: 26      COMMA   26
 56: 27         ID   27 list2
 56: 32     RPAREN   32
 56: 33     RPAREN   33
 57:  1        END    1
